The nums of the train_dataset features is 7666
The nums of the eval_dataset features is 1913
***** Running train *****
The F1-score is 0.03046845245651898
the best eval f1 is 0.0305, saving model !!
***** Running train *****
The F1-score is 0.08715060048889361
the best eval f1 is 0.0872, saving model !!
***** Running train *****
The F1-score is 0.21060480530240264
the best eval f1 is 0.2106, saving model !!
***** Running train *****
The F1-score is 0.3544738725841088
the best eval f1 is 0.3545, saving model !!
***** Running train *****
The F1-score is 0.4414619037786495
the best eval f1 is 0.4415, saving model !!
***** Running train *****
The F1-score is 0.4851614680162501
the best eval f1 is 0.4852, saving model !!
***** Running train *****
The F1-score is 0.5232078390923156
the best eval f1 is 0.5232, saving model !!
***** Running train *****
The F1-score is 0.5451263537906137
the best eval f1 is 0.5451, saving model !!
***** Running train *****
The F1-score is 0.5636917372881356
the best eval f1 is 0.5637, saving model !!
***** Running train *****
The F1-score is 0.5830823621841038
the best eval f1 is 0.5831, saving model !!
***** Running train *****
The F1-score is 0.5981248394554328
the best eval f1 is 0.5981, saving model !!
***** Running train *****
The F1-score is 0.6027606386362191
the best eval f1 is 0.6028, saving model !!
***** Running train *****
The F1-score is 0.606189281348517
the best eval f1 is 0.6062, saving model !!
***** Running train *****
The F1-score is 0.615394385875778
the best eval f1 is 0.6154, saving model !!
***** Running train *****
The F1-score is 0.6292931245569946
the best eval f1 is 0.6293, saving model !!
***** Running train *****
The F1-score is 0.6318057932433289
the best eval f1 is 0.6318, saving model !!
***** Running train *****
The F1-score is 0.6338974292727038
the best eval f1 is 0.6339, saving model !!
***** Running train *****
The F1-score is 0.6426503698938566
the best eval f1 is 0.6427, saving model !!
***** Running train *****
The F1-score is 0.6439900630613415
the best eval f1 is 0.6440, saving model !!
***** Running train *****
The F1-score is 0.6429224937916612
***** Running train *****
The F1-score is 0.6470777341991899
the best eval f1 is 0.6471, saving model !!
***** Running train *****
The F1-score is 0.6469041672144078
***** Running train *****
The F1-score is 0.6428097198247246
***** Running train *****
The F1-score is 0.6493066857626457
the best eval f1 is 0.6493, saving model !!
***** Running train *****
The F1-score is 0.642134314627415
***** Running train *****
The F1-score is 0.6518923037846075
the best eval f1 is 0.6519, saving model !!
***** Running train *****
The F1-score is 0.6533843857485884
the best eval f1 is 0.6534, saving model !!
***** Running train *****
The F1-score is 0.6545973655181364
the best eval f1 is 0.6546, saving model !!
***** Running train *****
The F1-score is 0.6592554291623578
the best eval f1 is 0.6593, saving model !!
***** Running train *****
The F1-score is 0.6552714161714629
