The nums of the train_dataset features is 6770
The nums of the eval_dataset features is 1840
***** Running train *****
The F1-score is 0.015779092702169626
the best eval f1 is 0.0158, saving model !!
***** Running train *****
The F1-score is 0.07202908429902295
the best eval f1 is 0.0720, saving model !!
***** Running train *****
The F1-score is 0.20319176768117203
the best eval f1 is 0.2032, saving model !!
***** Running train *****
The F1-score is 0.3505308808135188
the best eval f1 is 0.3505, saving model !!
***** Running train *****
The F1-score is 0.4033295497540673
the best eval f1 is 0.4033, saving model !!
***** Running train *****
The F1-score is 0.47314222098524916
the best eval f1 is 0.4731, saving model !!
***** Running train *****
The F1-score is 0.4869376399538577
the best eval f1 is 0.4869, saving model !!
***** Running train *****
The F1-score is 0.5160215841716075
the best eval f1 is 0.5160, saving model !!
***** Running train *****
The F1-score is 0.5490728791686477
the best eval f1 is 0.5491, saving model !!
***** Running train *****
The F1-score is 0.5644040619989311
the best eval f1 is 0.5644, saving model !!
***** Running train *****
The F1-score is 0.5794466927618921
the best eval f1 is 0.5794, saving model !!
***** Running train *****
The F1-score is 0.5930689048328144
the best eval f1 is 0.5931, saving model !!
***** Running train *****
The F1-score is 0.598951507208388
the best eval f1 is 0.5990, saving model !!
***** Running train *****
The F1-score is 0.6091077683906863
the best eval f1 is 0.6091, saving model !!
***** Running train *****
The F1-score is 0.6125358023046692
the best eval f1 is 0.6125, saving model !!
***** Running train *****
The F1-score is 0.6149321569413809
the best eval f1 is 0.6149, saving model !!
***** Running train *****
The F1-score is 0.6272252001852956
the best eval f1 is 0.6272, saving model !!
***** Running train *****
The F1-score is 0.627142012999803
***** Running train *****
The F1-score is 0.6284227820372399
the best eval f1 is 0.6284, saving model !!
***** Running train *****
The F1-score is 0.6323886639676113
the best eval f1 is 0.6324, saving model !!
***** Running train *****
The F1-score is 0.6391051219990842
the best eval f1 is 0.6391, saving model !!
***** Running train *****
The F1-score is 0.6386971382615106
***** Running train *****
The F1-score is 0.6326586061676402
***** Running train *****
The F1-score is 0.6414704667492771
the best eval f1 is 0.6415, saving model !!
***** Running train *****
The F1-score is 0.6409795701071405
***** Running train *****
The F1-score is 0.6341729067392784
***** Running train *****
The F1-score is 0.6418185541675199
the best eval f1 is 0.6418, saving model !!
***** Running train *****
The F1-score is 0.6439674315321984
the best eval f1 is 0.6440, saving model !!
***** Running train *****
The F1-score is 0.6495400340715503
the best eval f1 is 0.6495, saving model !!
***** Running train *****
The F1-score is 0.6451698513800425
