The nums of the train_dataset features is 11958
The nums of the eval_dataset features is 1498
***** Running train *****
The F1-score is 0.3565125308859866
the best eval f1 is 0.3565, saving model !!
***** Running train *****
The F1-score is 0.7126309983452841
the best eval f1 is 0.7126, saving model !!
***** Running train *****
The F1-score is 0.7965679490727926
the best eval f1 is 0.7966, saving model !!
***** Running train *****
The F1-score is 0.8356126151269886
the best eval f1 is 0.8356, saving model !!
***** Running train *****
The F1-score is 0.8417844278193406
the best eval f1 is 0.8418, saving model !!
***** Running train *****
The F1-score is 0.8450164293537787
the best eval f1 is 0.8450, saving model !!
***** Running train *****
The F1-score is 0.8492769744160178
the best eval f1 is 0.8493, saving model !!
***** Running train *****
The F1-score is 0.8425976884975234
***** Running train *****
The F1-score is 0.8480838158257514
***** Running train *****
The F1-score is 0.8460479206830075
***** Running train *****
The F1-score is 0.8462828395751818
***** Running train *****
The F1-score is 0.8460060389788636
***** Running train *****
The F1-score is 0.8476109697483744
***** Running train *****
The F1-score is 0.8508722566122677
the best eval f1 is 0.8509, saving model !!
***** Running train *****
The F1-score is 0.848281642917016
***** Running train *****
The F1-score is 0.8458321717312517
***** Running train *****
The F1-score is 0.8468723464477781
***** Running train *****
The F1-score is 0.8420177383592018
***** Running train *****
The F1-score is 0.850322942993541
***** Running train *****
The F1-score is 0.8482293423271501
***** Running train *****
The F1-score is 0.845022624434389
***** Running train *****
The F1-score is 0.8454119592174153
***** Running train *****
The F1-score is 0.8478622987229317
***** Running train *****
The F1-score is 0.8462408140192199
***** Running train *****
The F1-score is 0.8468120342257798
***** Running train *****
The F1-score is 0.8479999999999999
***** Running train *****
The F1-score is 0.8502092050209205
***** Running train *****
The F1-score is 0.8547344759763977
the best eval f1 is 0.8547, saving model !!
***** Running train *****
The F1-score is 0.8526610644257703
***** Running train *****
The F1-score is 0.8473554398465333
