The nums of the train_dataset features is 9425
The nums of the eval_dataset features is 1518
***** Running train *****
The F1-score is 0.49045016913869377
the best eval f1 is 0.4905, saving model !!
***** Running train *****
The F1-score is 0.6301539733388447
the best eval f1 is 0.6302, saving model !!
***** Running train *****
The F1-score is 0.6888068880688807
the best eval f1 is 0.6888, saving model !!
***** Running train *****
The F1-score is 0.690578041022266
the best eval f1 is 0.6906, saving model !!
***** Running train *****
The F1-score is 0.7030671456203371
the best eval f1 is 0.7031, saving model !!
***** Running train *****
The F1-score is 0.7208020050125313
the best eval f1 is 0.7208, saving model !!
***** Running train *****
The F1-score is 0.7126232960212789
***** Running train *****
The F1-score is 0.7138754881690788
Early stop in 7 epoch!
