The nums of the train_dataset features is 13915
The nums of the eval_dataset features is 1790
***** Running train *****
The F1-score is 0.0
***** Running train *****
The F1-score is 0.036999798914136336
the best eval f1 is 0.0370, saving model !!
***** Running train *****
The F1-score is 0.12975888324873094
the best eval f1 is 0.1298, saving model !!
***** Running train *****
The F1-score is 0.1877473052258153
the best eval f1 is 0.1877, saving model !!
***** Running train *****
The F1-score is 0.26701833710123085
the best eval f1 is 0.2670, saving model !!
***** Running train *****
The F1-score is 0.32673267326732675
the best eval f1 is 0.3267, saving model !!
***** Running train *****
The F1-score is 0.35399840746217726
the best eval f1 is 0.3540, saving model !!
***** Running train *****
The F1-score is 0.3801381894835461
the best eval f1 is 0.3801, saving model !!
***** Running train *****
The F1-score is 0.4040147669589294
the best eval f1 is 0.4040, saving model !!
***** Running train *****
The F1-score is 0.42766557069046496
the best eval f1 is 0.4277, saving model !!
***** Running train *****
The F1-score is 0.4264436296975252
***** Running train *****
The F1-score is 0.4442435882951079
the best eval f1 is 0.4442, saving model !!
***** Running train *****
The F1-score is 0.4395226319750565
***** Running train *****
The F1-score is 0.44561058270471193
the best eval f1 is 0.4456, saving model !!
***** Running train *****
The F1-score is 0.45837909070942234
the best eval f1 is 0.4584, saving model !!
***** Running train *****
The F1-score is 0.469964664310954
the best eval f1 is 0.4700, saving model !!
***** Running train *****
The F1-score is 0.46869983948635635
***** Running train *****
The F1-score is 0.4788245462402766
the best eval f1 is 0.4788, saving model !!
***** Running train *****
The F1-score is 0.4823779193205945
the best eval f1 is 0.4824, saving model !!
***** Running train *****
The F1-score is 0.4931239848402815
the best eval f1 is 0.4931, saving model !!
***** Running train *****
The F1-score is 0.497967044725016
the best eval f1 is 0.4980, saving model !!
***** Running train *****
The F1-score is 0.5113170942013365
the best eval f1 is 0.5113, saving model !!
***** Running train *****
The F1-score is 0.515978835978836
the best eval f1 is 0.5160, saving model !!
***** Running train *****
The F1-score is 0.5183290707587384
the best eval f1 is 0.5183, saving model !!
***** Running train *****
The F1-score is 0.5320249023952727
the best eval f1 is 0.5320, saving model !!
***** Running train *****
The F1-score is 0.54531689379191
the best eval f1 is 0.5453, saving model !!
***** Running train *****
The F1-score is 0.5521576984549813
the best eval f1 is 0.5522, saving model !!
***** Running train *****
The F1-score is 0.5505380882042626
***** Running train *****
The F1-score is 0.5673697804563065
the best eval f1 is 0.5674, saving model !!
***** Running train *****
The F1-score is 0.5696093244118282
the best eval f1 is 0.5696, saving model !!
