The nums of the train_dataset features is 13915
The nums of the eval_dataset features is 1790
***** Running train *****
The F1-score is 0.2532029205124673
the best eval f1 is 0.2532, saving model !!
***** Running train *****
The F1-score is 0.37458049150156975
the best eval f1 is 0.3746, saving model !!
***** Running train *****
The F1-score is 0.4362712613209631
the best eval f1 is 0.4363, saving model !!
***** Running train *****
The F1-score is 0.4534404167571087
the best eval f1 is 0.4534, saving model !!
***** Running train *****
The F1-score is 0.4756915339480302
the best eval f1 is 0.4757, saving model !!
***** Running train *****
The F1-score is 0.4836109618484685
the best eval f1 is 0.4836, saving model !!
***** Running train *****
The F1-score is 0.5088346655448045
the best eval f1 is 0.5088, saving model !!
***** Running train *****
The F1-score is 0.5517923905872004
the best eval f1 is 0.5518, saving model !!
***** Running train *****
The F1-score is 0.5669534524597396
the best eval f1 is 0.5670, saving model !!
***** Running train *****
The F1-score is 0.5802321796680048
the best eval f1 is 0.5802, saving model !!
***** Running train *****
The F1-score is 0.5867723120942004
the best eval f1 is 0.5868, saving model !!
***** Running train *****
The F1-score is 0.588438681793625
the best eval f1 is 0.5884, saving model !!
***** Running train *****
The F1-score is 0.5987871050111714
the best eval f1 is 0.5988, saving model !!
***** Running train *****
The F1-score is 0.6038016353403419
the best eval f1 is 0.6038, saving model !!
***** Running train *****
The F1-score is 0.6137191854233656
the best eval f1 is 0.6137, saving model !!
***** Running train *****
The F1-score is 0.6091326196198382
***** Running train *****
The F1-score is 0.6146374519990964
the best eval f1 is 0.6146, saving model !!
***** Running train *****
The F1-score is 0.6204627700405745
the best eval f1 is 0.6205, saving model !!
***** Running train *****
The F1-score is 0.6275615309552207
the best eval f1 is 0.6276, saving model !!
***** Running train *****
The F1-score is 0.617273125822008
***** Running train *****
The F1-score is 0.6342242572675966
the best eval f1 is 0.6342, saving model !!
***** Running train *****
The F1-score is 0.6212438084755091
***** Running train *****
The F1-score is 0.6298510707685617
***** Running train *****
The F1-score is 0.6237513873473918
***** Running train *****
The F1-score is 0.6261246612466125
Early stop in 24 epoch!
