The nums of the train_dataset features is 11958
The nums of the eval_dataset features is 1498
***** Running train *****
The F1-score is 0.13220018885741266
the best eval f1 is 0.1322, saving model !!
***** Running train *****
The F1-score is 0.6651685393258427
the best eval f1 is 0.6652, saving model !!
***** Running train *****
The F1-score is 0.7719589914103631
the best eval f1 is 0.7720, saving model !!
***** Running train *****
The F1-score is 0.8228325255788906
the best eval f1 is 0.8228, saving model !!
***** Running train *****
The F1-score is 0.8321088435374149
the best eval f1 is 0.8321, saving model !!
***** Running train *****
The F1-score is 0.8425745332961827
the best eval f1 is 0.8426, saving model !!
***** Running train *****
The F1-score is 0.8411472697186984
***** Running train *****
The F1-score is 0.8454293628808864
the best eval f1 is 0.8454, saving model !!
***** Running train *****
The F1-score is 0.84769316286826
the best eval f1 is 0.8477, saving model !!
***** Running train *****
The F1-score is 0.8448228508651471
***** Running train *****
The F1-score is 0.851800167457438
the best eval f1 is 0.8518, saving model !!
***** Running train *****
The F1-score is 0.8502793296089386
***** Running train *****
The F1-score is 0.8530566461020751
the best eval f1 is 0.8531, saving model !!
***** Running train *****
The F1-score is 0.8482511704764528
***** Running train *****
The F1-score is 0.8469869480699805
***** Running train *****
The F1-score is 0.8530566461020751
***** Running train *****
The F1-score is 0.845592363840539
***** Running train *****
The F1-score is 0.8490878938640132
***** Running train *****
The F1-score is 0.850480109739369
***** Running train *****
The F1-score is 0.8463462072798
***** Running train *****
The F1-score is 0.8439175839683883
***** Running train *****
The F1-score is 0.8479823106688779
***** Running train *****
The F1-score is 0.8525139664804469
***** Running train *****
The F1-score is 0.8469613259668509
***** Running train *****
The F1-score is 0.8571428571428571
the best eval f1 is 0.8571, saving model !!
***** Running train *****
The F1-score is 0.8511937812326484
***** Running train *****
The F1-score is 0.8488471391972673
***** Running train *****
The F1-score is 0.8534747418364499
***** Running train *****
The F1-score is 0.8541666666666667
***** Running train *****
The F1-score is 0.8500000000000001
