The nums of the train_dataset features is 11958
The nums of the eval_dataset features is 1498
***** Running train *****
The F1-score is 0.0
***** Running train *****
The F1-score is 0.3425995492111195
the best eval f1 is 0.3426, saving model !!
***** Running train *****
The F1-score is 0.5298804780876495
the best eval f1 is 0.5299, saving model !!
***** Running train *****
The F1-score is 0.6664807585052985
the best eval f1 is 0.6665, saving model !!
***** Running train *****
The F1-score is 0.7193324061196106
the best eval f1 is 0.7193, saving model !!
***** Running train *****
The F1-score is 0.7669295621430513
the best eval f1 is 0.7669, saving model !!
***** Running train *****
The F1-score is 0.7978407557354925
the best eval f1 is 0.7978, saving model !!
***** Running train *****
The F1-score is 0.8270019130910086
the best eval f1 is 0.8270, saving model !!
***** Running train *****
The F1-score is 0.8354002254791432
the best eval f1 is 0.8354, saving model !!
***** Running train *****
The F1-score is 0.8383561643835616
the best eval f1 is 0.8384, saving model !!
***** Running train *****
The F1-score is 0.8404924760601915
the best eval f1 is 0.8405, saving model !!
***** Running train *****
The F1-score is 0.8459214501510575
the best eval f1 is 0.8459, saving model !!
***** Running train *****
The F1-score is 0.8431646631255243
***** Running train *****
The F1-score is 0.8486012068019747
the best eval f1 is 0.8486, saving model !!
***** Running train *****
The F1-score is 0.8495428096425603
the best eval f1 is 0.8495, saving model !!
***** Running train *****
The F1-score is 0.8500969797727903
the best eval f1 is 0.8501, saving model !!
***** Running train *****
The F1-score is 0.84593837535014
***** Running train *****
The F1-score is 0.8390429581294181
***** Running train *****
The F1-score is 0.8414329352957511
***** Running train *****
The F1-score is 0.8451094486007205
***** Running train *****
The F1-score is 0.8441958041958041
***** Running train *****
The F1-score is 0.8491866556382687
***** Running train *****
The F1-score is 0.8444811450591797
***** Running train *****
The F1-score is 0.8480176211453745
***** Running train *****
The F1-score is 0.8477661334804192
***** Running train *****
The F1-score is 0.8503363228699552
the best eval f1 is 0.8503, saving model !!
***** Running train *****
The F1-score is 0.8453837597330367
***** Running train *****
The F1-score is 0.8465814341300723
***** Running train *****
The F1-score is 0.845896147403685
***** Running train *****
The F1-score is 0.845464725643897
