The nums of the train_dataset features is 13915
The nums of the eval_dataset features is 1790
***** Running train *****
The F1-score is 0.22330755664088997
the best eval f1 is 0.2233, saving model !!
***** Running train *****
The F1-score is 0.3648985790215859
the best eval f1 is 0.3649, saving model !!
***** Running train *****
The F1-score is 0.42964965641545566
the best eval f1 is 0.4296, saving model !!
***** Running train *****
The F1-score is 0.45267030884156545
the best eval f1 is 0.4527, saving model !!
***** Running train *****
The F1-score is 0.47296430861295147
the best eval f1 is 0.4730, saving model !!
***** Running train *****
The F1-score is 0.5014005602240896
the best eval f1 is 0.5014, saving model !!
***** Running train *****
The F1-score is 0.5330330330330331
the best eval f1 is 0.5330, saving model !!
***** Running train *****
The F1-score is 0.5601602868290625
the best eval f1 is 0.5602, saving model !!
***** Running train *****
The F1-score is 0.5849836779107725
the best eval f1 is 0.5850, saving model !!
***** Running train *****
The F1-score is 0.5780803865583132
***** Running train *****
The F1-score is 0.6003671309793759
the best eval f1 is 0.6004, saving model !!
***** Running train *****
The F1-score is 0.5977186311787073
***** Running train *****
The F1-score is 0.6065468549422337
the best eval f1 is 0.6065, saving model !!
***** Running train *****
The F1-score is 0.6061195804951887
***** Running train *****
The F1-score is 0.6162525767603342
the best eval f1 is 0.6163, saving model !!
***** Running train *****
The F1-score is 0.6161168199026501
***** Running train *****
The F1-score is 0.6292476386928673
the best eval f1 is 0.6292, saving model !!
***** Running train *****
The F1-score is 0.6158485856905157
***** Running train *****
The F1-score is 0.6103388357949608
***** Running train *****
The F1-score is 0.6301105268805666
the best eval f1 is 0.6301, saving model !!
***** Running train *****
The F1-score is 0.6283372105904508
***** Running train *****
The F1-score is 0.6248241532301699
***** Running train *****
The F1-score is 0.6307124010554089
the best eval f1 is 0.6307, saving model !!
***** Running train *****
The F1-score is 0.6342467237084372
the best eval f1 is 0.6342, saving model !!
***** Running train *****
The F1-score is 0.6252652742097621
***** Running train *****
The F1-score is 0.6315122054316813
***** Running train *****
The F1-score is 0.637326635360926
the best eval f1 is 0.6373, saving model !!
***** Running train *****
The F1-score is 0.6300571556651351
***** Running train *****
The F1-score is 0.6346238451385834
***** Running train *****
The F1-score is 0.6261061946902655
