The nums of the train_dataset features is 7501
The nums of the eval_dataset features is 1924
***** Running train *****
The F1-score is 0.036049568156214795
the best eval f1 is 0.0360, saving model !!
***** Running train *****
The F1-score is 0.13505831618151526
the best eval f1 is 0.1351, saving model !!
***** Running train *****
The F1-score is 0.21400386847195357
the best eval f1 is 0.2140, saving model !!
***** Running train *****
The F1-score is 0.33532934131736525
the best eval f1 is 0.3353, saving model !!
***** Running train *****
The F1-score is 0.43169398907103823
the best eval f1 is 0.4317, saving model !!
***** Running train *****
The F1-score is 0.4890764309535153
the best eval f1 is 0.4891, saving model !!
***** Running train *****
The F1-score is 0.5095890410958903
the best eval f1 is 0.5096, saving model !!
***** Running train *****
The F1-score is 0.5394233884029802
the best eval f1 is 0.5394, saving model !!
***** Running train *****
The F1-score is 0.5735947712418301
the best eval f1 is 0.5736, saving model !!
***** Running train *****
The F1-score is 0.5788753502313155
the best eval f1 is 0.5789, saving model !!
***** Running train *****
The F1-score is 0.5916918627579861
the best eval f1 is 0.5917, saving model !!
***** Running train *****
The F1-score is 0.6031363088057902
the best eval f1 is 0.6031, saving model !!
***** Running train *****
The F1-score is 0.6069182389937108
the best eval f1 is 0.6069, saving model !!
***** Running train *****
The F1-score is 0.6174436475409836
the best eval f1 is 0.6174, saving model !!
***** Running train *****
The F1-score is 0.6266942042080805
the best eval f1 is 0.6267, saving model !!
***** Running train *****
The F1-score is 0.6290322580645161
the best eval f1 is 0.6290, saving model !!
***** Running train *****
The F1-score is 0.6323557237464522
the best eval f1 is 0.6324, saving model !!
***** Running train *****
The F1-score is 0.6332846158734194
the best eval f1 is 0.6333, saving model !!
***** Running train *****
The F1-score is 0.6310195087173505
***** Running train *****
The F1-score is 0.6455952458695227
the best eval f1 is 0.6456, saving model !!
***** Running train *****
The F1-score is 0.6419350632416222
***** Running train *****
The F1-score is 0.6447223482148642
***** Running train *****
The F1-score is 0.6407079646017698
***** Running train *****
The F1-score is 0.645869890167024
the best eval f1 is 0.6459, saving model !!
***** Running train *****
The F1-score is 0.6478418195916258
the best eval f1 is 0.6478, saving model !!
***** Running train *****
The F1-score is 0.6563856670770427
the best eval f1 is 0.6564, saving model !!
***** Running train *****
The F1-score is 0.6497263487099296
***** Running train *****
The F1-score is 0.6418150266726654
***** Running train *****
The F1-score is 0.6505408062930187
***** Running train *****
The F1-score is 0.6540272135164764
