The nums of the train_dataset features is 13915
The nums of the eval_dataset features is 1790
***** Running train *****
The F1-score is 0.0
***** Running train *****
The F1-score is 0.15555555555555556
the best eval f1 is 0.1556, saving model !!
***** Running train *****
The F1-score is 0.24528540691051767
the best eval f1 is 0.2453, saving model !!
***** Running train *****
The F1-score is 0.31595653766328896
the best eval f1 is 0.3160, saving model !!
***** Running train *****
The F1-score is 0.3699200720477316
the best eval f1 is 0.3699, saving model !!
***** Running train *****
The F1-score is 0.4062390874170644
the best eval f1 is 0.4062, saving model !!
***** Running train *****
The F1-score is 0.42021043402016656
the best eval f1 is 0.4202, saving model !!
***** Running train *****
The F1-score is 0.4268456375838926
the best eval f1 is 0.4268, saving model !!
***** Running train *****
The F1-score is 0.4422020405875098
the best eval f1 is 0.4422, saving model !!
***** Running train *****
The F1-score is 0.46090086159886573
the best eval f1 is 0.4609, saving model !!
***** Running train *****
The F1-score is 0.465686816222787
the best eval f1 is 0.4657, saving model !!
***** Running train *****
The F1-score is 0.4900778423418485
the best eval f1 is 0.4901, saving model !!
***** Running train *****
The F1-score is 0.4933347552522129
the best eval f1 is 0.4933, saving model !!
***** Running train *****
The F1-score is 0.5032999787098148
the best eval f1 is 0.5033, saving model !!
***** Running train *****
The F1-score is 0.516170763260026
the best eval f1 is 0.5162, saving model !!
***** Running train *****
The F1-score is 0.5271756204838203
the best eval f1 is 0.5272, saving model !!
***** Running train *****
The F1-score is 0.5418814432989691
the best eval f1 is 0.5419, saving model !!
***** Running train *****
The F1-score is 0.5525167606682984
the best eval f1 is 0.5525, saving model !!
***** Running train *****
The F1-score is 0.5544765766727137
the best eval f1 is 0.5545, saving model !!
***** Running train *****
The F1-score is 0.5660964230171074
the best eval f1 is 0.5661, saving model !!
***** Running train *****
The F1-score is 0.5742240925828511
the best eval f1 is 0.5742, saving model !!
***** Running train *****
The F1-score is 0.589921990301497
the best eval f1 is 0.5899, saving model !!
***** Running train *****
The F1-score is 0.5878986966196885
***** Running train *****
The F1-score is 0.589157136806438
***** Running train *****
The F1-score is 0.5956813104988831
the best eval f1 is 0.5957, saving model !!
***** Running train *****
The F1-score is 0.5914421553090333
***** Running train *****
The F1-score is 0.6024824608742579
the best eval f1 is 0.6025, saving model !!
***** Running train *****
The F1-score is 0.5886130136986302
***** Running train *****
The F1-score is 0.604035582555869
the best eval f1 is 0.6040, saving model !!
***** Running train *****
The F1-score is 0.6036104204950817
