The nums of the train_dataset features is 13915
The nums of the eval_dataset features is 1790
***** Running train *****
The F1-score is 0.20674037564939388
the best eval f1 is 0.2067, saving model !!
***** Running train *****
The F1-score is 0.3632983377077865
the best eval f1 is 0.3633, saving model !!
***** Running train *****
The F1-score is 0.41599291172887365
the best eval f1 is 0.4160, saving model !!
***** Running train *****
The F1-score is 0.4455724760293288
the best eval f1 is 0.4456, saving model !!
***** Running train *****
The F1-score is 0.4679005817028028
the best eval f1 is 0.4679, saving model !!
***** Running train *****
The F1-score is 0.49451494945149493
the best eval f1 is 0.4945, saving model !!
***** Running train *****
The F1-score is 0.5214585350112939
the best eval f1 is 0.5215, saving model !!
***** Running train *****
The F1-score is 0.5584649634262695
the best eval f1 is 0.5585, saving model !!
***** Running train *****
The F1-score is 0.5772401241837063
the best eval f1 is 0.5772, saving model !!
***** Running train *****
The F1-score is 0.5816414686825054
the best eval f1 is 0.5816, saving model !!
***** Running train *****
The F1-score is 0.5908521303258145
the best eval f1 is 0.5909, saving model !!
***** Running train *****
The F1-score is 0.592768483540205
the best eval f1 is 0.5928, saving model !!
***** Running train *****
The F1-score is 0.6009478672985782
the best eval f1 is 0.6009, saving model !!
***** Running train *****
The F1-score is 0.6054847765061542
the best eval f1 is 0.6055, saving model !!
***** Running train *****
The F1-score is 0.616281580652127
the best eval f1 is 0.6163, saving model !!
***** Running train *****
The F1-score is 0.6060734313829224
***** Running train *****
The F1-score is 0.616557734204793
the best eval f1 is 0.6166, saving model !!
***** Running train *****
The F1-score is 0.6243665540540541
the best eval f1 is 0.6244, saving model !!
***** Running train *****
The F1-score is 0.606278613472858
***** Running train *****
The F1-score is 0.6164222246012204
***** Running train *****
The F1-score is 0.6216126534675367
***** Running train *****
The F1-score is 0.6203664252236898
***** Running train *****
The F1-score is 0.6371662360034454
the best eval f1 is 0.6372, saving model !!
***** Running train *****
The F1-score is 0.6289442721146646
***** Running train *****
The F1-score is 0.6408559452900949
the best eval f1 is 0.6409, saving model !!
***** Running train *****
The F1-score is 0.6272795137037432
***** Running train *****
The F1-score is 0.6306479113384484
***** Running train *****
The F1-score is 0.6349101334215459
***** Running train *****
The F1-score is 0.6362649294245386
***** Running train *****
The F1-score is 0.6142248443133399
Early stop in 29 epoch!
