The nums of the train_dataset features is 11958
The nums of the eval_dataset features is 1498
***** Running train *****
The F1-score is 0.048387096774193554
the best eval f1 is 0.0484, saving model !!
***** Running train *****
The F1-score is 0.6503791069924179
the best eval f1 is 0.6504, saving model !!
***** Running train *****
The F1-score is 0.7605867699972322
the best eval f1 is 0.7606, saving model !!
***** Running train *****
The F1-score is 0.8096644295302013
the best eval f1 is 0.8097, saving model !!
***** Running train *****
The F1-score is 0.8318440292445167
the best eval f1 is 0.8318, saving model !!
***** Running train *****
The F1-score is 0.8428691041027072
the best eval f1 is 0.8429, saving model !!
***** Running train *****
The F1-score is 0.8456600614010605
the best eval f1 is 0.8457, saving model !!
***** Running train *****
The F1-score is 0.8453947368421053
***** Running train *****
The F1-score is 0.8500279798545047
the best eval f1 is 0.8500, saving model !!
***** Running train *****
The F1-score is 0.8469692851318295
***** Running train *****
The F1-score is 0.8441988950276242
***** Running train *****
The F1-score is 0.8583521444695259
the best eval f1 is 0.8584, saving model !!
***** Running train *****
The F1-score is 0.8453146853146853
***** Running train *****
The F1-score is 0.8433936022253128
***** Running train *****
The F1-score is 0.8445436784817193
***** Running train *****
The F1-score is 0.8507214206437292
***** Running train *****
The F1-score is 0.8430393788130892
***** Running train *****
The F1-score is 0.8448660714285715
***** Running train *****
The F1-score is 0.8489451476793249
***** Running train *****
The F1-score is 0.849507735583685
***** Running train *****
The F1-score is 0.8446413735807256
***** Running train *****
The F1-score is 0.8482167542162012
***** Running train *****
The F1-score is 0.8514796203238413
***** Running train *****
The F1-score is 0.8465063001145475
***** Running train *****
The F1-score is 0.8425671969281404
***** Running train *****
The F1-score is 0.8461325200998059
***** Running train *****
The F1-score is 0.8511354079058032
***** Running train *****
The F1-score is 0.8537658053875757
***** Running train *****
The F1-score is 0.8497757847533634
***** Running train *****
The F1-score is 0.849056603773585
