The nums of the train_dataset features is 7501
The nums of the eval_dataset features is 1924
***** Running train *****
The F1-score is 0.03605408112168252
the best eval f1 is 0.0361, saving model !!
***** Running train *****
The F1-score is 0.13478303457733373
the best eval f1 is 0.1348, saving model !!
***** Running train *****
The F1-score is 0.21512032809719103
the best eval f1 is 0.2151, saving model !!
***** Running train *****
The F1-score is 0.3354762432572231
the best eval f1 is 0.3355, saving model !!
***** Running train *****
The F1-score is 0.4321738536185334
the best eval f1 is 0.4322, saving model !!
***** Running train *****
The F1-score is 0.4891156462585034
the best eval f1 is 0.4891, saving model !!
***** Running train *****
The F1-score is 0.5094945172506018
the best eval f1 is 0.5095, saving model !!
***** Running train *****
The F1-score is 0.5393185645809043
the best eval f1 is 0.5393, saving model !!
***** Running train *****
The F1-score is 0.572678594749902
the best eval f1 is 0.5727, saving model !!
***** Running train *****
The F1-score is 0.5792698826597132
the best eval f1 is 0.5793, saving model !!
***** Running train *****
The F1-score is 0.5915992900808519
the best eval f1 is 0.5916, saving model !!
***** Running train *****
The F1-score is 0.6026405992128984
the best eval f1 is 0.6026, saving model !!
***** Running train *****
The F1-score is 0.6070709612481127
the best eval f1 is 0.6071, saving model !!
***** Running train *****
The F1-score is 0.6182609809194519
the best eval f1 is 0.6183, saving model !!
***** Running train *****
The F1-score is 0.6262821753435264
the best eval f1 is 0.6263, saving model !!
***** Running train *****
The F1-score is 0.6275690535410393
the best eval f1 is 0.6276, saving model !!
***** Running train *****
The F1-score is 0.6311480571824422
the best eval f1 is 0.6311, saving model !!
***** Running train *****
The F1-score is 0.6336721728081322
the best eval f1 is 0.6337, saving model !!
***** Running train *****
The F1-score is 0.6318382162302308
***** Running train *****
The F1-score is 0.6463629828115809
the best eval f1 is 0.6464, saving model !!
***** Running train *****
The F1-score is 0.6418610712889352
***** Running train *****
The F1-score is 0.6445049248315189
***** Running train *****
The F1-score is 0.6406981155937778
***** Running train *****
The F1-score is 0.6460878606706525
***** Running train *****
The F1-score is 0.6481313849734901
the best eval f1 is 0.6481, saving model !!
***** Running train *****
The F1-score is 0.6550675894185369
the best eval f1 is 0.6551, saving model !!
***** Running train *****
The F1-score is 0.6500358236175341
***** Running train *****
The F1-score is 0.6415579407416928
***** Running train *****
The F1-score is 0.6496790252849469
***** Running train *****
The F1-score is 0.6545384168763305
