The nums of the train_dataset features is 13915
The nums of the eval_dataset features is 1790
***** Running train *****
The F1-score is 0.0
***** Running train *****
The F1-score is 0.16761571032267486
the best eval f1 is 0.1676, saving model !!
***** Running train *****
The F1-score is 0.26833855799373035
the best eval f1 is 0.2683, saving model !!
***** Running train *****
The F1-score is 0.32234080825038974
the best eval f1 is 0.3223, saving model !!
***** Running train *****
The F1-score is 0.38969616908850724
the best eval f1 is 0.3897, saving model !!
***** Running train *****
The F1-score is 0.41622371157846083
the best eval f1 is 0.4162, saving model !!
***** Running train *****
The F1-score is 0.42342440404919995
the best eval f1 is 0.4234, saving model !!
***** Running train *****
The F1-score is 0.43785404865044986
the best eval f1 is 0.4379, saving model !!
***** Running train *****
The F1-score is 0.4487540872702672
the best eval f1 is 0.4488, saving model !!
***** Running train *****
The F1-score is 0.4730663741086122
the best eval f1 is 0.4731, saving model !!
***** Running train *****
The F1-score is 0.48157139704259544
the best eval f1 is 0.4816, saving model !!
***** Running train *****
The F1-score is 0.48882527799185294
the best eval f1 is 0.4888, saving model !!
***** Running train *****
The F1-score is 0.5037021139607254
the best eval f1 is 0.5037, saving model !!
***** Running train *****
The F1-score is 0.5151870403921986
the best eval f1 is 0.5152, saving model !!
***** Running train *****
The F1-score is 0.521683537559936
the best eval f1 is 0.5217, saving model !!
***** Running train *****
The F1-score is 0.5373228346456693
the best eval f1 is 0.5373, saving model !!
***** Running train *****
The F1-score is 0.5525258930458676
the best eval f1 is 0.5525, saving model !!
***** Running train *****
The F1-score is 0.5569538560826073
the best eval f1 is 0.5570, saving model !!
***** Running train *****
The F1-score is 0.57124394184168
the best eval f1 is 0.5712, saving model !!
***** Running train *****
The F1-score is 0.5776855215360666
the best eval f1 is 0.5777, saving model !!
***** Running train *****
The F1-score is 0.585407179921635
the best eval f1 is 0.5854, saving model !!
***** Running train *****
The F1-score is 0.5868668711007718
the best eval f1 is 0.5869, saving model !!
***** Running train *****
The F1-score is 0.5936562366052293
the best eval f1 is 0.5937, saving model !!
***** Running train *****
The F1-score is 0.5846218136230673
***** Running train *****
The F1-score is 0.5936501171958236
***** Running train *****
The F1-score is 0.5946288855994926
the best eval f1 is 0.5946, saving model !!
***** Running train *****
The F1-score is 0.6027161026083208
the best eval f1 is 0.6027, saving model !!
***** Running train *****
The F1-score is 0.6012204260785784
***** Running train *****
The F1-score is 0.603834554071521
the best eval f1 is 0.6038, saving model !!
***** Running train *****
The F1-score is 0.6088372597980675
the best eval f1 is 0.6088, saving model !!
