The nums of the train_dataset features is 9425
The nums of the eval_dataset features is 1518
***** Running train *****
The F1-score is 0.09753458536208363
the best eval f1 is 0.0975, saving model !!
***** Running train *****
The F1-score is 0.40933473428081624
the best eval f1 is 0.4093, saving model !!
***** Running train *****
The F1-score is 0.5274033670740023
the best eval f1 is 0.5274, saving model !!
***** Running train *****
The F1-score is 0.5993005510809666
the best eval f1 is 0.5993, saving model !!
***** Running train *****
The F1-score is 0.6475333540179956
the best eval f1 is 0.6475, saving model !!
***** Running train *****
The F1-score is 0.6751023045444755
the best eval f1 is 0.6751, saving model !!
***** Running train *****
The F1-score is 0.6863595012575587
the best eval f1 is 0.6864, saving model !!
***** Running train *****
The F1-score is 0.6837729199933924
***** Running train *****
The F1-score is 0.6918720852764824
the best eval f1 is 0.6919, saving model !!
***** Running train *****
The F1-score is 0.7116165718927702
the best eval f1 is 0.7116, saving model !!
***** Running train *****
The F1-score is 0.7018004706397417
***** Running train *****
The F1-score is 0.7059465953148037
***** Running train *****
The F1-score is 0.7106956282650536
***** Running train *****
The F1-score is 0.7180970047465765
the best eval f1 is 0.7181, saving model !!
***** Running train *****
The F1-score is 0.7163032425714609
***** Running train *****
The F1-score is 0.7253123963286521
the best eval f1 is 0.7253, saving model !!
***** Running train *****
The F1-score is 0.7226443347568077
***** Running train *****
The F1-score is 0.7250096808098688
***** Running train *****
The F1-score is 0.7200678349349916
***** Running train *****
The F1-score is 0.7322647026968483
the best eval f1 is 0.7323, saving model !!
***** Running train *****
The F1-score is 0.7234042553191489
***** Running train *****
The F1-score is 0.7204961939667324
***** Running train *****
The F1-score is 0.7252174876710811
***** Running train *****
The F1-score is 0.7235002255299955
Early stop in 23 epoch!
