The nums of the train_dataset features is 7225
The nums of the eval_dataset features is 1870
***** Running train *****
The F1-score is 0.021463666925265062
the best eval f1 is 0.0215, saving model !!
***** Running train *****
The F1-score is 0.1136919315403423
the best eval f1 is 0.1137, saving model !!
***** Running train *****
The F1-score is 0.21267696267696268
the best eval f1 is 0.2127, saving model !!
***** Running train *****
The F1-score is 0.3390899534464634
the best eval f1 is 0.3391, saving model !!
***** Running train *****
The F1-score is 0.44844290657439445
the best eval f1 is 0.4484, saving model !!
***** Running train *****
The F1-score is 0.49061032863849763
the best eval f1 is 0.4906, saving model !!
***** Running train *****
The F1-score is 0.5132486889318245
the best eval f1 is 0.5132, saving model !!
***** Running train *****
The F1-score is 0.5364715295372716
the best eval f1 is 0.5365, saving model !!
***** Running train *****
The F1-score is 0.5695658018550881
the best eval f1 is 0.5696, saving model !!
***** Running train *****
The F1-score is 0.5862384123253688
the best eval f1 is 0.5862, saving model !!
***** Running train *****
The F1-score is 0.5945555919973763
the best eval f1 is 0.5946, saving model !!
***** Running train *****
The F1-score is 0.6017501151391539
the best eval f1 is 0.6018, saving model !!
***** Running train *****
The F1-score is 0.6045944558521561
the best eval f1 is 0.6046, saving model !!
***** Running train *****
The F1-score is 0.6200345423143351
the best eval f1 is 0.6200, saving model !!
***** Running train *****
The F1-score is 0.626633932718466
the best eval f1 is 0.6266, saving model !!
***** Running train *****
The F1-score is 0.6329944244014432
the best eval f1 is 0.6330, saving model !!
***** Running train *****
The F1-score is 0.636545795359059
the best eval f1 is 0.6365, saving model !!
***** Running train *****
The F1-score is 0.6311300639658848
***** Running train *****
The F1-score is 0.6438668490652075
the best eval f1 is 0.6439, saving model !!
***** Running train *****
The F1-score is 0.6477444846888377
the best eval f1 is 0.6477, saving model !!
***** Running train *****
The F1-score is 0.6439215686274509
***** Running train *****
The F1-score is 0.6470471529660736
***** Running train *****
The F1-score is 0.6409670042469781
***** Running train *****
The F1-score is 0.6494629290018338
the best eval f1 is 0.6495, saving model !!
***** Running train *****
The F1-score is 0.6491468915473623
***** Running train *****
The F1-score is 0.6439954657598187
***** Running train *****
The F1-score is 0.6445182724252492
***** Running train *****
The F1-score is 0.6473746235432762
***** Running train *****
The F1-score is 0.6495168451292765
the best eval f1 is 0.6495, saving model !!
***** Running train *****
The F1-score is 0.6582616236408512
the best eval f1 is 0.6583, saving model !!
