The nums of the train_dataset features is 7283
The nums of the eval_dataset features is 1913
***** Running train *****
The F1-score is 0.023728385712482647
the best eval f1 is 0.0237, saving model !!
***** Running train *****
The F1-score is 0.08937809576224545
the best eval f1 is 0.0894, saving model !!
***** Running train *****
The F1-score is 0.1895649329407916
the best eval f1 is 0.1896, saving model !!
***** Running train *****
The F1-score is 0.32122137404580153
the best eval f1 is 0.3212, saving model !!
***** Running train *****
The F1-score is 0.44268558951965065
the best eval f1 is 0.4427, saving model !!
***** Running train *****
The F1-score is 0.4820790900674514
the best eval f1 is 0.4821, saving model !!
***** Running train *****
The F1-score is 0.5103750483309705
the best eval f1 is 0.5104, saving model !!
***** Running train *****
The F1-score is 0.5222661396574441
the best eval f1 is 0.5223, saving model !!
***** Running train *****
The F1-score is 0.5539924973204716
the best eval f1 is 0.5540, saving model !!
***** Running train *****
The F1-score is 0.5846174107730805
the best eval f1 is 0.5846, saving model !!
***** Running train *****
The F1-score is 0.5923934426229508
the best eval f1 is 0.5924, saving model !!
***** Running train *****
The F1-score is 0.605302199574276
the best eval f1 is 0.6053, saving model !!
***** Running train *****
The F1-score is 0.6089518555667002
the best eval f1 is 0.6090, saving model !!
***** Running train *****
The F1-score is 0.6181493754779506
the best eval f1 is 0.6181, saving model !!
***** Running train *****
The F1-score is 0.6185487000388048
the best eval f1 is 0.6185, saving model !!
***** Running train *****
The F1-score is 0.6255791812123136
the best eval f1 is 0.6256, saving model !!
***** Running train *****
The F1-score is 0.6340019730351857
the best eval f1 is 0.6340, saving model !!
***** Running train *****
The F1-score is 0.6446089475378178
the best eval f1 is 0.6446, saving model !!
***** Running train *****
The F1-score is 0.6478435435824375
the best eval f1 is 0.6478, saving model !!
***** Running train *****
The F1-score is 0.6424486612945152
***** Running train *****
The F1-score is 0.6422928771952732
***** Running train *****
The F1-score is 0.6452947259565667
***** Running train *****
The F1-score is 0.6462391864227696
***** Running train *****
The F1-score is 0.6534225019669552
the best eval f1 is 0.6534, saving model !!
***** Running train *****
The F1-score is 0.6525948876839659
***** Running train *****
The F1-score is 0.6569202035164552
the best eval f1 is 0.6569, saving model !!
***** Running train *****
The F1-score is 0.6488588550299631
***** Running train *****
The F1-score is 0.6524084533857967
***** Running train *****
The F1-score is 0.6532438478747203
***** Running train *****
The F1-score is 0.6528705806033084
