The nums of the train_dataset features is 6720
The nums of the eval_dataset features is 1790
***** Running train *****
The F1-score is 0.00305767894371091
the best eval f1 is 0.0031, saving model !!
***** Running train *****
The F1-score is 0.09885842061904201
the best eval f1 is 0.0989, saving model !!
***** Running train *****
The F1-score is 0.17228974234321828
the best eval f1 is 0.1723, saving model !!
***** Running train *****
The F1-score is 0.2586808439940189
the best eval f1 is 0.2587, saving model !!
***** Running train *****
The F1-score is 0.3907186794362688
the best eval f1 is 0.3907, saving model !!
***** Running train *****
The F1-score is 0.4706373504035624
the best eval f1 is 0.4706, saving model !!
***** Running train *****
The F1-score is 0.5119899032393774
the best eval f1 is 0.5120, saving model !!
***** Running train *****
The F1-score is 0.5290673358427436
the best eval f1 is 0.5291, saving model !!
***** Running train *****
The F1-score is 0.5552015514614212
the best eval f1 is 0.5552, saving model !!
***** Running train *****
The F1-score is 0.5757113115891742
the best eval f1 is 0.5757, saving model !!
***** Running train *****
The F1-score is 0.5886726142200595
the best eval f1 is 0.5887, saving model !!
***** Running train *****
The F1-score is 0.5895196506550218
the best eval f1 is 0.5895, saving model !!
***** Running train *****
The F1-score is 0.5930841774362556
the best eval f1 is 0.5931, saving model !!
***** Running train *****
The F1-score is 0.6131193300767621
the best eval f1 is 0.6131, saving model !!
***** Running train *****
The F1-score is 0.6154152295038472
the best eval f1 is 0.6154, saving model !!
***** Running train *****
The F1-score is 0.6192180809995087
the best eval f1 is 0.6192, saving model !!
***** Running train *****
The F1-score is 0.6271631539963638
the best eval f1 is 0.6272, saving model !!
***** Running train *****
The F1-score is 0.6245378151260504
***** Running train *****
The F1-score is 0.6212323286209656
***** Running train *****
The F1-score is 0.63238016868957
the best eval f1 is 0.6324, saving model !!
***** Running train *****
The F1-score is 0.6352044352044353
the best eval f1 is 0.6352, saving model !!
***** Running train *****
The F1-score is 0.6379437621636131
the best eval f1 is 0.6379, saving model !!
***** Running train *****
The F1-score is 0.6258111995718204
***** Running train *****
The F1-score is 0.6400488069414317
the best eval f1 is 0.6400, saving model !!
***** Running train *****
The F1-score is 0.633764832793959
***** Running train *****
The F1-score is 0.6369606003752345
***** Running train *****
The F1-score is 0.6381977135171486
***** Running train *****
The F1-score is 0.6354925775978408
***** Running train *****
The F1-score is 0.6415600080412784
the best eval f1 is 0.6416, saving model !!
***** Running train *****
The F1-score is 0.640992256561365
