The nums of the train_dataset features is 11958
The nums of the eval_dataset features is 1498
***** Running train *****
The F1-score is 0.14411901441190145
the best eval f1 is 0.1441, saving model !!
***** Running train *****
The F1-score is 0.6664793481314977
the best eval f1 is 0.6665, saving model !!
***** Running train *****
The F1-score is 0.7723870252287219
the best eval f1 is 0.7724, saving model !!
***** Running train *****
The F1-score is 0.8240366478038265
the best eval f1 is 0.8240, saving model !!
***** Running train *****
The F1-score is 0.8314729104274434
the best eval f1 is 0.8315, saving model !!
***** Running train *****
The F1-score is 0.8425745332961827
the best eval f1 is 0.8426, saving model !!
***** Running train *****
