The nums of the train_dataset features is 7502
The nums of the eval_dataset features is 1924
***** Running train *****
The F1-score is 0.03587443946188341
the best eval f1 is 0.0359, saving model !!
***** Running train *****
The F1-score is 0.1170808368529614
the best eval f1 is 0.1171, saving model !!
***** Running train *****
The F1-score is 0.21211639370329147
the best eval f1 is 0.2121, saving model !!
***** Running train *****
The F1-score is 0.3450744558991982
the best eval f1 is 0.3451, saving model !!
***** Running train *****
The F1-score is 0.44776328705651386
the best eval f1 is 0.4478, saving model !!
***** Running train *****
The F1-score is 0.4806995969119355
the best eval f1 is 0.4807, saving model !!
***** Running train *****
The F1-score is 0.515163450177235
the best eval f1 is 0.5152, saving model !!
***** Running train *****
The F1-score is 0.5319763624425475
the best eval f1 is 0.5320, saving model !!
***** Running train *****
The F1-score is 0.5698173662287729
the best eval f1 is 0.5698, saving model !!
***** Running train *****
The F1-score is 0.5874951855180381
the best eval f1 is 0.5875, saving model !!
***** Running train *****
The F1-score is 0.5897368421052632
the best eval f1 is 0.5897, saving model !!
***** Running train *****
The F1-score is 0.5966850828729281
the best eval f1 is 0.5967, saving model !!
***** Running train *****
The F1-score is 0.6096167426333697
the best eval f1 is 0.6096, saving model !!
***** Running train *****
The F1-score is 0.6215420081967215
the best eval f1 is 0.6215, saving model !!
***** Running train *****
The F1-score is 0.6223101973054084
the best eval f1 is 0.6223, saving model !!
***** Running train *****
The F1-score is 0.6319385140905209
the best eval f1 is 0.6319, saving model !!
***** Running train *****
The F1-score is 0.6423442654764214
the best eval f1 is 0.6423, saving model !!
***** Running train *****
The F1-score is 0.6381454711206616
***** Running train *****
The F1-score is 0.6380142204164551
***** Running train *****
The F1-score is 0.6408262144587531
***** Running train *****
The F1-score is 0.6517298608451423
the best eval f1 is 0.6517, saving model !!
***** Running train *****
The F1-score is 0.6455133900241147
***** Running train *****
The F1-score is 0.645791025221094
***** Running train *****
The F1-score is 0.6490135675427673
***** Running train *****
The F1-score is 0.6423913745238555
***** Running train *****
The F1-score is 0.6440743609604959
Early stop in 25 epoch!
